SF:lib/core/base_ui/app_error_message.dart
DA:6,2
DA:8,1
DA:9,1
DA:11,3
LF:4
LH:4
end_of_record
SF:lib/core/network_utils/app_errors.dart
DA:6,1
DA:10,1
DA:14,0
DA:18,0
DA:24,0
DA:30,0
DA:34,0
DA:38,0
DA:42,0
DA:46,0
LF:10
LH:2
end_of_record
SF:lib/core/network_utils/results.dart
DA:9,1
DA:11,2
DA:13,2
DA:15,1
LF:4
LH:4
end_of_record
SF:lib/core/network_utils/network_info_impl.dart
DA:9,1
DA:11,1
DA:13,2
DA:14,2
DA:15,2
DA:18,1
DA:20,2
LF:7
LH:7
end_of_record
SF:lib/core/network_utils/safe_api_call.dart
DA:7,1
DA:9,1
DA:10,3
DA:12,1
DA:13,3
DA:14,1
DA:15,1
DA:16,3
DA:17,1
DA:18,1
DA:19,3
DA:20,1
DA:21,1
DA:22,3
DA:23,1
DA:24,1
DA:25,3
DA:26,1
DA:28,3
DA:29,1
LF:20
LH:20
end_of_record
SF:lib/core/provider/app_config_provider.dart
DA:15,1
DA:17,2
DA:19,1
DA:20,2
DA:21,0
DA:22,0
DA:23,0
LF:7
LH:4
end_of_record
SF:lib/core/l10n/translation/app_localizations.dart
DA:64,0
DA:68,0
DA:69,0
DA:104,1
DA:106,0
DA:108,0
DA:111,0
DA:112,0
DA:114,0
DA:118,0
DA:122,0
DA:123,0
DA:126,0
LF:13
LH:1
end_of_record
SF:lib/core/l10n/translation/app_localizations_en.dart
DA:9,0
DA:11,0
LF:2
LH:0
end_of_record
SF:lib/features/products/data/models/local_category.dart
DA:7,1
LF:1
LH:1
end_of_record
SF:lib/features/products/data/models/category_dto.dart
DA:2,1
DA:7,2
DA:8,4
DA:9,4
DA:10,4
DA:16,1
DA:17,1
DA:18,2
DA:19,2
DA:20,2
LF:10
LH:10
end_of_record
SF:lib/features/products/data/datasoource/impl/categories_remote_datasource_impl.dart
DA:12,1
DA:14,1
DA:16,2
DA:17,1
DA:18,1
DA:19,2
DA:20,2
LF:7
LH:7
end_of_record
SF:lib/features/products/domain/entity/category.dart
DA:2,1
LF:1
LH:1
end_of_record
